2019-11-16 21:22:54,202 [INFO] - "GET /api/xadmin/ HTTP/1.1" 200 18841
2019-11-16 21:22:54,345 [INFO] - "GET /api/xadmin/jsi18n/ HTTP/1.1" 200 7684
2019-11-16 21:31:53,292 [INFO] - "GET /api/xadmin/ HTTP/1.1" 200 18841
2019-11-16 21:31:58,985 [INFO] - "GET /static/xadmin/css/themes/bootstrap-xadmin.css HTTP/1.1" 304 0
2019-11-16 21:32:01,197 [INFO] - "GET /static/xadmin/vendor/bootstrap/css/bootstrap.css HTTP/1.1" 304 0
2019-11-16 21:32:16,183 [INFO] - "GET /static/xadmin/vendor/font-awesome/css/font-awesome.css HTTP/1.1" 304 0
2019-11-16 21:32:24,697 [INFO] - "GET /static/xadmin/css/xadmin.main.css HTTP/1.1" 304 0
2019-11-16 21:32:33,490 [INFO] - "GET /static/xadmin/css/xadmin.responsive.css HTTP/1.1" 304 0
2019-11-16 21:32:33,498 [INFO] - "GET /static/xadmin/css/xadmin.plugins.css HTTP/1.1" 304 0
2019-11-16 21:32:33,689 [INFO] - "GET /static/xadmin/css/xadmin.page.dashboard.css HTTP/1.1" 304 0
2019-11-16 21:32:33,690 [INFO] - "GET /static/xadmin/vendor/jquery/jquery.js HTTP/1.1" 304 0
2019-11-16 21:32:33,802 [INFO] - "GET /static/xadmin/vendor/jquery-ui/jquery.ui.core.js HTTP/1.1" 304 0
2019-11-16 21:32:33,823 [INFO] - "GET /static/xadmin/vendor/jquery-ui/jquery.ui.widget.js HTTP/1.1" 304 0
2019-11-16 21:32:33,885 [INFO] - "GET /static/xadmin/vendor/jquery-ui/jquery.ui.mouse.js HTTP/1.1" 304 0
2019-11-16 21:32:33,904 [INFO] - "GET /static/xadmin/vendor/jquery-ui/jquery.ui.sortable.js HTTP/1.1" 304 0
2019-11-16 21:32:35,893 [INFO] - "GET /static/xadmin/vendor/bootstrap/js/bootstrap.js HTTP/1.1" 304 0
2019-11-16 21:32:39,595 [INFO] - "GET /static/xadmin/js/xadmin.main.js HTTP/1.1" 304 0
2019-11-16 21:32:41,697 [INFO] - "GET /static/xadmin/js/xadmin.responsive.js HTTP/1.1" 304 0
2019-11-16 21:32:45,389 [INFO] - "GET /static/xadmin/js/xadmin.page.dashboard.js HTTP/1.1" 304 0
2019-11-16 21:32:52,385 [INFO] - "GET /api/xadmin/jsi18n/ HTTP/1.1" 200 7684
2019-11-16 21:32:54,497 [INFO] - "GET /static/xadmin/js/xadmin.plugin.portal.js HTTP/1.1" 304 0
2019-11-16 21:32:54,594 [INFO] - "GET /api/xadmin/djcelery/crontabschedule/ HTTP/1.1" 200 29711
2019-11-16 21:32:59,981 [INFO] - "GET /static/xadmin/vendor/font-awesome/fonts/fontawesome-webfont.woff?v=4.0.3 HTTP/1.1" 304 0
2019-11-16 21:33:02,590 [INFO] - "GET /api/xadmin/djcelery/periodictask/ HTTP/1.1" 200 30972
2019-11-16 21:33:06,982 [INFO] - "GET /static/xadmin/css/themes/bootstrap-xadmin.css HTTP/1.1" 304 0
2019-11-16 21:33:07,195 [INFO] - "GET /api/xadmin/djcelery/intervalschedule/ HTTP/1.1" 200 29331
2019-11-16 21:33:07,704 [INFO] - "GET /static/xadmin/vendor/bootstrap/css/bootstrap.css HTTP/1.1" 304 0
2019-11-16 21:33:12,682 [INFO] - "GET /static/xadmin/vendor/font-awesome/css/font-awesome.css HTTP/1.1" 304 0
2019-11-16 21:33:13,191 [INFO] - "GET /static/xadmin/css/xadmin.main.css HTTP/1.1" 304 0
2019-11-16 21:33:14,699 [INFO] - "GET /static/xadmin/css/xadmin.plugins.css HTTP/1.1" 304 0
2019-11-16 21:33:14,785 [INFO] - "GET /static/xadmin/css/xadmin.responsive.css HTTP/1.1" 304 0
2019-11-16 21:33:15,585 [INFO] - "GET /static/xadmin/css/xadmin.form.css HTTP/1.1" 304 0
2019-11-16 21:33:15,589 [INFO] - "GET /static/xadmin/vendor/jquery/jquery.js HTTP/1.1" 304 0
2019-11-16 21:33:17,286 [INFO] - "GET /static/xadmin/vendor/jquery-ui/jquery.ui.core.js HTTP/1.1" 304 0
2019-11-16 21:33:19,600 [INFO] - "GET /static/xadmin/vendor/jquery-ui/jquery.ui.widget.js HTTP/1.1" 304 0
2019-11-16 21:33:22,295 [INFO] - "GET /static/xadmin/vendor/jquery-ui/jquery.ui.mouse.js HTTP/1.1" 304 0
2019-11-16 21:33:24,100 [INFO] - "GET /static/xadmin/vendor/jquery-ui/jquery.ui.sortable.js HTTP/1.1" 304 0
2019-11-16 21:33:25,291 [INFO] - "GET /static/xadmin/vendor/bootstrap/js/bootstrap.js HTTP/1.1" 304 0
2019-11-16 21:33:27,988 [INFO] - "GET /api/xadmin/jsi18n/ HTTP/1.1" 200 7684
2019-11-16 21:33:27,991 [INFO] - "GET /static/xadmin/js/xadmin.main.js HTTP/1.1" 304 0
2019-11-16 21:33:28,592 [INFO] - "GET /static/xadmin/js/xadmin.plugin.details.js HTTP/1.1" 304 0
2019-11-16 21:33:28,594 [INFO] - "GET /static/xadmin/js/xadmin.plugin.bookmark.js HTTP/1.1" 304 0
2019-11-16 21:33:28,595 [INFO] - "GET /static/xadmin/js/xadmin.responsive.js HTTP/1.1" 304 0
2019-11-16 21:33:29,189 [INFO] - "GET /static/xadmin/js/xadmin.plugin.filters.js HTTP/1.1" 304 0
2019-11-16 21:33:29,187 [INFO] - "GET /static/xadmin/js/xadmin.page.list.js HTTP/1.1" 304 0
2019-11-16 21:33:29,198 [INFO] - "GET /static/xadmin/js/xadmin.page.form.js HTTP/1.1" 304 0
2019-11-16 21:33:47,084 [WARNING] - Not Found: /api/xadmi
2019-11-16 21:33:49,786 [WARNING] - "GET /api/xadmi HTTP/1.1" 404 2570
2019-11-16 21:35:20,390 [INFO] - "GET /api/xadmin/ HTTP/1.1" 200 18841
2019-11-16 21:35:35,694 [INFO] - "GET /api/xadmin/ HTTP/1.1" 200 18841
2019-11-16 21:36:28,701 [INFO] - "GET /api/xadmin/djcelery/periodictask/ HTTP/1.1" 200 30972
2019-11-16 21:37:31,983 [INFO] - "GET /api/xadmin/djcelery/periodictask/ HTTP/1.1" 200 30972
2019-11-16 21:42:54,613 [INFO] - "GET /api/xadmin/ HTTP/1.1" 200 18841
2019-11-16 21:42:54,691 [INFO] - "GET /api/xadmin/jsi18n/ HTTP/1.1" 200 7684
2019-11-16 21:42:56,102 [INFO] - "GET /api/xadmin/djcelery/intervalschedule/ HTTP/1.1" 200 29331
2019-11-16 21:42:56,166 [INFO] - "GET /static/xadmin/css/xadmin.form.css HTTP/1.1" 304 0
2019-11-16 21:42:56,173 [INFO] - "GET /static/xadmin/js/xadmin.plugin.bookmark.js HTTP/1.1" 304 0
2019-11-16 21:42:56,174 [INFO] - "GET /static/xadmin/js/xadmin.plugin.details.js HTTP/1.1" 304 0
2019-11-16 21:42:56,174 [INFO] - "GET /static/xadmin/js/xadmin.plugin.filters.js HTTP/1.1" 304 0
2019-11-16 21:42:56,175 [INFO] - "GET /static/xadmin/js/xadmin.page.list.js HTTP/1.1" 304 0
2019-11-16 21:42:56,184 [INFO] - "GET /static/xadmin/js/xadmin.page.form.js HTTP/1.1" 304 0
2019-11-16 21:42:56,216 [INFO] - "GET /api/xadmin/jsi18n/ HTTP/1.1" 200 7684
2019-11-16 21:42:56,848 [INFO] - "GET /api/xadmin/djcelery/crontabschedule/ HTTP/1.1" 200 29711
2019-11-16 21:42:56,928 [INFO] - "GET /api/xadmin/jsi18n/ HTTP/1.1" 200 7684
2019-11-16 21:42:57,327 [INFO] - "GET /api/xadmin/djcelery/taskstate/ HTTP/1.1" 200 30752
2019-11-16 21:42:57,407 [INFO] - "GET /api/xadmin/jsi18n/ HTTP/1.1" 200 7684
2019-11-16 21:42:58,009 [INFO] - "GET /api/xadmin/djcelery/taskmeta/ HTTP/1.1" 200 29926
2019-11-16 21:42:58,082 [INFO] - "GET /api/xadmin/jsi18n/ HTTP/1.1" 200 7684
2019-11-16 21:42:58,670 [INFO] - "GET /api/xadmin/fastrunner/api/ HTTP/1.1" 200 42507
2019-11-16 21:42:58,704 [INFO] - "GET /static/xadmin/js/xadmin.widget.datetime.js HTTP/1.1" 200 2979
2019-11-16 21:42:58,705 [INFO] - "GET /static/xadmin/vendor/bootstrap-datepicker/css/datepicker.css HTTP/1.1" 200 10225
2019-11-16 21:42:58,705 [INFO] - "GET /static/xadmin/vendor/bootstrap-datepicker/js/bootstrap-datepicker.js HTTP/1.1" 200 32656
2019-11-16 21:42:58,745 [INFO] - "GET /api/xadmin/jsi18n/ HTTP/1.1" 200 7684
2019-11-16 21:42:59,237 [INFO] - "GET /api/xadmin/fastrunner/case/ HTTP/1.1" 200 42978
2019-11-16 21:42:59,317 [INFO] - "GET /api/xadmin/jsi18n/ HTTP/1.1" 200 7684
2019-11-16 21:42:59,770 [INFO] - "GET /api/xadmin/fastrunner/casestep/ HTTP/1.1" 200 44614
2019-11-16 21:42:59,845 [INFO] - "GET /api/xadmin/jsi18n/ HTTP/1.1" 200 7684
2019-11-16 21:43:01,790 [INFO] - "GET /api/xadmin/fastrunner/modelwithfilefield/ HTTP/1.1" 200 38863
2019-11-16 21:43:01,872 [INFO] - "GET /api/xadmin/jsi18n/ HTTP/1.1" 200 7684
2019-11-16 21:43:02,862 [INFO] - "GET /api/xadmin/djcelery/workerstate/ HTTP/1.1" 200 29331
2019-11-16 21:43:02,945 [INFO] - "GET /api/xadmin/jsi18n/ HTTP/1.1" 200 7684
2019-11-16 21:43:03,341 [INFO] - "GET /api/xadmin/djcelery/taskstate/ HTTP/1.1" 200 30752
2019-11-16 21:43:03,480 [INFO] - "GET /api/xadmin/jsi18n/ HTTP/1.1" 200 7684
2019-11-16 21:43:03,863 [INFO] - "GET /api/xadmin/djcelery/periodictask/ HTTP/1.1" 200 30972
2019-11-16 21:43:03,971 [INFO] - "GET /api/xadmin/jsi18n/ HTTP/1.1" 200 7684
